<?xml version="1.0" encoding="UTF-8"?>
<coverage generated="1560299244741" clover="3.2.0">
  <project timestamp="1560299244741" name="All files">
    <metrics statements="17" coveredstatements="17" conditionals="0" coveredconditionals="0" methods="10" coveredmethods="10" elements="27" coveredelements="27" complexity="0" loc="17" ncloc="17" packages="1" files="3" classes="3"/>
    <file name="arrays.js" path="C:\Users\Sem-6-INGENIERIAINDU\Desktop\test jest\jest-unitaria\arrays.js">
      <metrics statements="4" coveredstatements="4" conditionals="0" coveredconditionals="0" methods="2" coveredmethods="2"/>
      <line num="1" count="1" type="stmt"/>
      <line num="2" count="1" type="stmt"/>
      <line num="4" count="1" type="stmt"/>
      <line num="5" count="2" type="stmt"/>
    </file>
    <file name="maths.js" path="C:\Users\Sem-6-INGENIERIAINDU\Desktop\test jest\jest-unitaria\maths.js">
      <metrics statements="8" coveredstatements="8" conditionals="0" coveredconditionals="0" methods="4" coveredmethods="4"/>
      <line num="1" count="1" type="stmt"/>
      <line num="2" count="1" type="stmt"/>
      <line num="5" count="1" type="stmt"/>
      <line num="6" count="1" type="stmt"/>
      <line num="9" count="1" type="stmt"/>
      <line num="10" count="1" type="stmt"/>
      <line num="13" count="1" type="stmt"/>
      <line num="14" count="1" type="stmt"/>
    </file>
    <file name="true.js" path="C:\Users\Sem-6-INGENIERIAINDU\Desktop\test jest\jest-unitaria\true.js">
      <metrics statements="5" coveredstatements="5" conditionals="0" coveredconditionals="0" methods="4" coveredmethods="4"/>
      <line num="1" count="1" type="stmt"/>
      <line num="2" count="1" type="stmt"/>
      <line num="4" count="1" type="stmt"/>
      <line num="5" count="1" type="stmt"/>
      <line num="6" count="1" type="stmt"/>
    </file>
  </project>
</coverage>
